<?xml version="1.0" encoding="UTF-8"?>
<beans xmlns="http://www.springframework.org/schema/beans"
	xmlns:xsi="http://www.w3.org/2001/XMLSchema-instance"
	xmlns:context="http://www.springframework.org/schema/context"
	xmlns:os-core="http://www.openspaces.org/schema/core"
	xsi:schemaLocation="http://www.springframework.org/schema/beans http://www.springframework.org/schema/beans/spring-beans-4.3.xsd
	                    http://www.springframework.org/schema/context http://www.springframework.org/schema/context/spring-context-4.3.xsd
	                    http://www.openspaces.org/schema/core http://www.openspaces.org/schema/14.2/core/openspaces-core.xsd">

	<context:annotation-config />

	<os-core:space id="space" url="/./space" />

	<os-core:local-tx-manager id="transactionManager"
		space="space" />

	<os-core:giga-space id="gigaSpace" space="space"
		tx-manager="transactionManager" />

	<bean id="mongoArchiveHandler"
		class="com.gigaspaces.persistency.archive.MongoArchiveOperationHandler">
		<property name="gigaSpace" ref="gigaSpace" />
		<property name="config" ref="config" />
		<property name="db" value="${mongodb.db}" />
	</bean>

	<bean id="config" class="com.mongodb.MongoClient">
		<constructor-arg value="localhost" type="java.lang.String" />
		<constructor-arg value="27017" type="int" />
		<property name="writeConcern" value="ACKNOWLEDGED" />
	</bean>
</beans>
